<?xml version="1.0" encoding="UTF-8"?>
<coverage generated="1672714048091" clover="3.2.0">
  <project timestamp="1672714048091" name="All files">
    <metrics statements="41" coveredstatements="41" conditionals="24" coveredconditionals="24" methods="17" coveredmethods="17" elements="82" coveredelements="82" complexity="0" loc="41" ncloc="41" packages="1" files="2" classes="2"/>
    <file name="UrlParser.ts" path="/Users/machi-os/Documents/dev/interviews/rotunda/url-parser-exercise/src/UrlParser.ts">
      <metrics statements="38" coveredstatements="38" conditionals="20" coveredconditionals="20" methods="15" coveredmethods="15"/>
      <line num="21" count="22" type="stmt"/>
      <line num="23" count="8" type="cond" truecount="2" falsecount="0"/>
      <line num="27" count="9" type="cond" truecount="2" falsecount="0"/>
      <line num="31" count="22" type="stmt"/>
      <line num="33" count="11" type="cond" truecount="2" falsecount="0"/>
      <line num="37" count="7" type="cond" truecount="2" falsecount="0"/>
      <line num="40" count="6" type="stmt"/>
      <line num="42" count="6" type="cond" truecount="2" falsecount="0"/>
      <line num="48" count="22" type="stmt"/>
      <line num="49" count="22" type="stmt"/>
      <line num="56" count="22" type="stmt"/>
      <line num="59" count="86" type="stmt"/>
      <line num="68" count="22" type="stmt"/>
      <line num="69" count="12" type="stmt"/>
      <line num="70" count="12" type="stmt"/>
      <line num="71" count="12" type="cond" truecount="2" falsecount="0"/>
      <line num="72" count="1" type="stmt"/>
      <line num="74" count="11" type="stmt"/>
      <line num="75" count="30" type="stmt"/>
      <line num="76" count="30" type="stmt"/>
      <line num="77" count="30" type="cond" truecount="2" falsecount="0"/>
      <line num="78" count="6" type="stmt"/>
      <line num="81" count="5" type="stmt"/>
      <line num="89" count="12" type="stmt"/>
      <line num="90" count="5" type="stmt"/>
      <line num="91" count="5" type="stmt"/>
      <line num="92" count="5" type="stmt"/>
      <line num="107" count="14" type="stmt"/>
      <line num="108" count="14" type="stmt"/>
      <line num="109" count="14" type="stmt"/>
      <line num="110" count="26" type="stmt"/>
      <line num="111" count="26" type="cond" truecount="2" falsecount="0"/>
      <line num="112" count="17" type="stmt"/>
      <line num="113" count="17" type="cond" truecount="2" falsecount="0"/>
      <line num="114" count="5" type="stmt"/>
      <line num="116" count="12" type="stmt"/>
      <line num="123" count="9" type="stmt"/>
      <line num="138" count="17" type="stmt"/>
    </file>
    <file name="utils.ts" path="/Users/machi-os/Documents/dev/interviews/rotunda/url-parser-exercise/src/utils.ts">
      <metrics statements="3" coveredstatements="3" conditionals="4" coveredconditionals="4" methods="2" coveredmethods="2"/>
      <line num="7" count="15" type="stmt"/>
      <line num="8" count="15" type="cond" truecount="2" falsecount="0"/>
      <line num="17" count="11" type="cond" truecount="2" falsecount="0"/>
    </file>
  </project>
</coverage>
