<?xml version="1.0" encoding="UTF-8"?>
<coverage generated="1673579442984" clover="3.2.0">
  <project timestamp="1673579442984" name="All files">
    <metrics statements="83" coveredstatements="83" conditionals="37" coveredconditionals="37" methods="24" coveredmethods="24" elements="144" coveredelements="144" complexity="0" loc="83" ncloc="83" packages="6" files="6" classes="6"/>
    <package name="src">
      <metrics statements="3" coveredstatements="3" conditionals="4" coveredconditionals="4" methods="2" coveredmethods="2"/>
      <file name="utils.ts" path="/Users/machi-os/Documents/dev/interviews/rotunda/url-parser-exercise/src/utils.ts">
        <metrics statements="3" coveredstatements="3" conditionals="4" coveredconditionals="4" methods="2" coveredmethods="2"/>
        <line num="7" count="55" type="stmt"/>
        <line num="8" count="55" type="cond" truecount="2" falsecount="0"/>
        <line num="17" count="52" type="cond" truecount="2" falsecount="0"/>
      </file>
    </package>
    <package name="src.factories">
      <metrics statements="6" coveredstatements="6" conditionals="5" coveredconditionals="5" methods="1" coveredmethods="1"/>
      <file name="ApiURLFactory.ts" path="/Users/machi-os/Documents/dev/interviews/rotunda/url-parser-exercise/src/factories/ApiURLFactory.ts">
        <metrics statements="6" coveredstatements="6" conditionals="5" coveredconditionals="5" methods="1" coveredmethods="1"/>
        <line num="9" count="17" type="cond" truecount="2" falsecount="0"/>
        <line num="10" count="1" type="stmt"/>
        <line num="13" count="16" type="cond" truecount="3" falsecount="0"/>
        <line num="15" count="13" type="stmt"/>
        <line num="17" count="2" type="stmt"/>
        <line num="19" count="1" type="stmt"/>
      </file>
    </package>
    <package name="src.models">
      <metrics statements="48" coveredstatements="48" conditionals="18" coveredconditionals="18" methods="12" coveredmethods="12"/>
      <file name="UrlParser.ts" path="/Users/machi-os/Documents/dev/interviews/rotunda/url-parser-exercise/src/models/UrlParser.ts">
        <metrics statements="48" coveredstatements="48" conditionals="18" coveredconditionals="18" methods="12" coveredmethods="12"/>
        <line num="10" count="36" type="stmt"/>
        <line num="11" count="36" type="stmt"/>
        <line num="17" count="36" type="stmt"/>
        <line num="18" count="36" type="stmt"/>
        <line num="19" count="36" type="stmt"/>
        <line num="20" count="36" type="stmt"/>
        <line num="28" count="33" type="stmt"/>
        <line num="29" count="33" type="stmt"/>
        <line num="30" count="33" type="stmt"/>
        <line num="37" count="36" type="stmt"/>
        <line num="40" count="54" type="cond" truecount="2" falsecount="0"/>
        <line num="41" count="266" type="stmt"/>
        <line num="50" count="36" type="stmt"/>
        <line num="51" count="33" type="stmt"/>
        <line num="52" count="33" type="stmt"/>
        <line num="53" count="33" type="cond" truecount="2" falsecount="0"/>
        <line num="54" count="1" type="stmt"/>
        <line num="56" count="32" type="stmt"/>
        <line num="57" count="100" type="stmt"/>
        <line num="58" count="100" type="stmt"/>
        <line num="59" count="100" type="cond" truecount="2" falsecount="0"/>
        <line num="60" count="12" type="stmt"/>
        <line num="63" count="20" type="stmt"/>
        <line num="71" count="34" type="cond" truecount="2" falsecount="0"/>
        <line num="72" count="33" type="stmt"/>
        <line num="73" count="20" type="stmt"/>
        <line num="74" count="20" type="stmt"/>
        <line num="75" count="10" type="stmt"/>
        <line num="86" count="20" type="stmt"/>
        <line num="87" count="20" type="stmt"/>
        <line num="88" count="20" type="stmt"/>
        <line num="89" count="20" type="stmt"/>
        <line num="90" count="80" type="stmt"/>
        <line num="91" count="80" type="cond" truecount="4" falsecount="0"/>
        <line num="92" count="60" type="stmt"/>
        <line num="95" count="20" type="stmt"/>
        <line num="105" count="21" type="cond" truecount="2" falsecount="0"/>
        <line num="106" count="20" type="stmt"/>
        <line num="107" count="20" type="stmt"/>
        <line num="108" count="20" type="stmt"/>
        <line num="109" count="36" type="stmt"/>
        <line num="110" count="36" type="cond" truecount="2" falsecount="0"/>
        <line num="111" count="24" type="stmt"/>
        <line num="112" count="24" type="cond" truecount="2" falsecount="0"/>
        <line num="113" count="10" type="stmt"/>
        <line num="115" count="14" type="stmt"/>
        <line num="122" count="10" type="stmt"/>
        <line num="137" count="24" type="stmt"/>
      </file>
    </package>
    <package name="src.models.ApiURL">
      <metrics statements="2" coveredstatements="2" conditionals="0" coveredconditionals="0" methods="2" coveredmethods="2"/>
      <file name="ApiURL.ts" path="/Users/machi-os/Documents/dev/interviews/rotunda/url-parser-exercise/src/models/ApiURL/ApiURL.ts">
        <metrics statements="2" coveredstatements="2" conditionals="0" coveredconditionals="0" methods="2" coveredmethods="2"/>
        <line num="15" count="15" type="stmt"/>
        <line num="23" count="1" type="stmt"/>
      </file>
    </package>
    <package name="src.models.ApiURL.v1">
      <metrics statements="21" coveredstatements="21" conditionals="10" coveredconditionals="10" methods="7" coveredmethods="7"/>
      <file name="ApiURLv1.ts" path="/Users/machi-os/Documents/dev/interviews/rotunda/url-parser-exercise/src/models/ApiURL/v1/ApiURLv1.ts">
        <metrics statements="21" coveredstatements="21" conditionals="10" coveredconditionals="10" methods="7" coveredmethods="7"/>
        <line num="7" count="13" type="stmt"/>
        <line num="8" count="13" type="stmt"/>
        <line num="10" count="3" type="cond" truecount="2" falsecount="0"/>
        <line num="11" count="2" type="stmt"/>
        <line num="16" count="1" type="stmt"/>
        <line num="19" count="4" type="cond" truecount="2" falsecount="0"/>
        <line num="20" count="3" type="stmt"/>
        <line num="25" count="1" type="stmt"/>
        <line num="28" count="13" type="stmt"/>
        <line num="30" count="18" type="cond" truecount="2" falsecount="0"/>
        <line num="31" count="4" type="stmt"/>
        <line num="36" count="14" type="stmt"/>
        <line num="39" count="14" type="cond" truecount="2" falsecount="0"/>
        <line num="40" count="1" type="stmt"/>
        <line num="45" count="13" type="stmt"/>
        <line num="48" count="13" type="stmt"/>
        <line num="51" count="13" type="cond" truecount="2" falsecount="0"/>
        <line num="52" count="1" type="stmt"/>
        <line num="57" count="12" type="stmt"/>
        <line num="66" count="12" type="stmt"/>
        <line num="70" count="12" type="stmt"/>
      </file>
    </package>
    <package name="src.models.ApiURL.v2">
      <metrics statements="3" coveredstatements="3" conditionals="0" coveredconditionals="0" methods="0" coveredmethods="0"/>
      <file name="ApiURLv2.ts" path="/Users/machi-os/Documents/dev/interviews/rotunda/url-parser-exercise/src/models/ApiURL/v2/ApiURLv2.ts">
        <metrics statements="3" coveredstatements="3" conditionals="0" coveredconditionals="0" methods="0" coveredmethods="0"/>
        <line num="5" count="2" type="stmt"/>
        <line num="6" count="2" type="stmt"/>
        <line num="7" count="2" type="stmt"/>
      </file>
    </package>
  </project>
</coverage>
