{"/Users/machi-os/Documents/dev/interviews/rotunda/url-parser-exercise/src/UrlParser.ts": {"path":"/Users/machi-os/Documents/dev/interviews/rotunda/url-parser-exercise/src/UrlParser.ts","statementMap":{"0":{"start":{"line":21,"column":52},"end":{"line":30,"column":3}},"1":{"start":{"line":23,"column":6},"end":{"line":25,"column":15}},"2":{"start":{"line":27,"column":6},"end":{"line":29,"column":15}},"3":{"start":{"line":31,"column":50},"end":{"line":45,"column":3}},"4":{"start":{"line":33,"column":6},"end":{"line":35,"column":15}},"5":{"start":{"line":37,"column":6},"end":{"line":39,"column":15}},"6":{"start":{"line":40,"column":35},"end":{"line":40,"column":40}},"7":{"start":{"line":42,"column":6},"end":{"line":44,"column":15}},"8":{"start":{"line":48,"column":4},"end":{"line":48,"column":48}},"9":{"start":{"line":49,"column":4},"end":{"line":49,"column":55}},"10":{"start":{"line":56,"column":24},"end":{"line":60,"column":3}},"11":{"start":{"line":59,"column":4},"end":{"line":59,"column":63}},"12":{"start":{"line":59,"column":57},"end":{"line":59,"column":61}},"13":{"start":{"line":68,"column":21},"end":{"line":82,"column":3}},"14":{"start":{"line":69,"column":21},"end":{"line":69,"column":39}},"15":{"start":{"line":70,"column":22},"end":{"line":70,"column":55}},"16":{"start":{"line":71,"column":4},"end":{"line":73,"column":5}},"17":{"start":{"line":72,"column":6},"end":{"line":72,"column":71}},"18":{"start":{"line":74,"column":4},"end":{"line":80,"column":13}},"19":{"start":{"line":75,"column":22},"end":{"line":75,"column":38}},"20":{"start":{"line":76,"column":25},"end":{"line":76,"column":62}},"21":{"start":{"line":77,"column":6},"end":{"line":79,"column":7}},"22":{"start":{"line":78,"column":8},"end":{"line":78,"column":36}},"23":{"start":{"line":81,"column":4},"end":{"line":81,"column":16}},"24":{"start":{"line":89,"column":4},"end":{"line":89,"column":28}},"25":{"start":{"line":90,"column":46},"end":{"line":90,"column":64}},"26":{"start":{"line":91,"column":25},"end":{"line":91,"column":47}},"27":{"start":{"line":92,"column":4},"end":{"line":97,"column":6}},"28":{"start":{"line":107,"column":29},"end":{"line":107,"column":31}},"29":{"start":{"line":108,"column":23},"end":{"line":108,"column":58}},"30":{"start":{"line":109,"column":4},"end":{"line":122,"column":7}},"31":{"start":{"line":110,"column":20},"end":{"line":110,"column":45}},"32":{"start":{"line":111,"column":6},"end":{"line":121,"column":7}},"33":{"start":{"line":112,"column":27},"end":{"line":112,"column":69}},"34":{"start":{"line":113,"column":8},"end":{"line":120,"column":9}},"35":{"start":{"line":114,"column":10},"end":{"line":114,"column":38}},"36":{"start":{"line":116,"column":10},"end":{"line":119,"column":12}},"37":{"start":{"line":123,"column":4},"end":{"line":123,"column":30}},"38":{"start":{"line":138,"column":4},"end":{"line":138,"column":50}}},"fnMap":{"0":{"name":"(anonymous_0)","decl":{"start":{"line":22,"column":10},"end":{"line":22,"column":11}},"loc":{"start":{"line":23,"column":6},"end":{"line":25,"column":15}},"line":23},"1":{"name":"(anonymous_1)","decl":{"start":{"line":26,"column":11},"end":{"line":26,"column":12}},"loc":{"start":{"line":27,"column":6},"end":{"line":29,"column":15}},"line":27},"2":{"name":"(anonymous_2)","decl":{"start":{"line":32,"column":13},"end":{"line":32,"column":14}},"loc":{"start":{"line":33,"column":6},"end":{"line":35,"column":15}},"line":33},"3":{"name":"(anonymous_3)","decl":{"start":{"line":36,"column":9},"end":{"line":36,"column":10}},"loc":{"start":{"line":37,"column":6},"end":{"line":39,"column":15}},"line":37},"4":{"name":"(anonymous_4)","decl":{"start":{"line":40,"column":16},"end":{"line":40,"column":17}},"loc":{"start":{"line":40,"column":35},"end":{"line":40,"column":40}},"line":40},"5":{"name":"(anonymous_5)","decl":{"start":{"line":41,"column":8},"end":{"line":41,"column":9}},"loc":{"start":{"line":42,"column":6},"end":{"line":44,"column":15}},"line":42},"6":{"name":"(anonymous_6)","decl":{"start":{"line":47,"column":2},"end":{"line":47,"column":3}},"loc":{"start":{"line":47,"column":27},"end":{"line":50,"column":3}},"line":47},"7":{"name":"(anonymous_7)","decl":{"start":{"line":56,"column":24},"end":{"line":56,"column":25}},"loc":{"start":{"line":56,"column":40},"end":{"line":60,"column":3}},"line":56},"8":{"name":"(anonymous_8)","decl":{"start":{"line":59,"column":47},"end":{"line":59,"column":48}},"loc":{"start":{"line":59,"column":57},"end":{"line":59,"column":61}},"line":59},"9":{"name":"(anonymous_9)","decl":{"start":{"line":68,"column":21},"end":{"line":68,"column":22}},"loc":{"start":{"line":68,"column":36},"end":{"line":82,"column":3}},"line":68},"10":{"name":"(anonymous_10)","decl":{"start":{"line":74,"column":21},"end":{"line":74,"column":22}},"loc":{"start":{"line":74,"column":38},"end":{"line":80,"column":5}},"line":74},"11":{"name":"(anonymous_11)","decl":{"start":{"line":88,"column":2},"end":{"line":88,"column":3}},"loc":{"start":{"line":88,"column":35},"end":{"line":98,"column":3}},"line":88},"12":{"name":"(anonymous_12)","decl":{"start":{"line":106,"column":2},"end":{"line":106,"column":3}},"loc":{"start":{"line":106,"column":40},"end":{"line":124,"column":3}},"line":106},"13":{"name":"(anonymous_13)","decl":{"start":{"line":109,"column":23},"end":{"line":109,"column":24}},"loc":{"start":{"line":109,"column":37},"end":{"line":122,"column":5}},"line":109},"14":{"name":"(anonymous_14)","decl":{"start":{"line":134,"column":2},"end":{"line":134,"column":3}},"loc":{"start":{"line":137,"column":20},"end":{"line":139,"column":3}},"line":137}},"branchMap":{"0":{"loc":{"start":{"line":23,"column":6},"end":{"line":25,"column":15}},"type":"cond-expr","locations":[{"start":{"line":24,"column":10},"end":{"line":24,"column":70}},{"start":{"line":25,"column":10},"end":{"line":25,"column":15}}],"line":23},"1":{"loc":{"start":{"line":27,"column":6},"end":{"line":29,"column":15}},"type":"cond-expr","locations":[{"start":{"line":28,"column":10},"end":{"line":28,"column":71}},{"start":{"line":29,"column":10},"end":{"line":29,"column":15}}],"line":27},"2":{"loc":{"start":{"line":33,"column":6},"end":{"line":35,"column":15}},"type":"cond-expr","locations":[{"start":{"line":34,"column":10},"end":{"line":34,"column":70}},{"start":{"line":35,"column":10},"end":{"line":35,"column":15}}],"line":33},"3":{"loc":{"start":{"line":37,"column":6},"end":{"line":39,"column":15}},"type":"cond-expr","locations":[{"start":{"line":38,"column":10},"end":{"line":38,"column":66}},{"start":{"line":39,"column":10},"end":{"line":39,"column":15}}],"line":37},"4":{"loc":{"start":{"line":42,"column":6},"end":{"line":44,"column":15}},"type":"cond-expr","locations":[{"start":{"line":43,"column":10},"end":{"line":43,"column":65}},{"start":{"line":44,"column":10},"end":{"line":44,"column":15}}],"line":42},"5":{"loc":{"start":{"line":71,"column":4},"end":{"line":73,"column":5}},"type":"if","locations":[{"start":{"line":71,"column":4},"end":{"line":73,"column":5}},{"start":{},"end":{}}],"line":71},"6":{"loc":{"start":{"line":77,"column":6},"end":{"line":79,"column":7}},"type":"if","locations":[{"start":{"line":77,"column":6},"end":{"line":79,"column":7}},{"start":{},"end":{}}],"line":77},"7":{"loc":{"start":{"line":111,"column":6},"end":{"line":121,"column":7}},"type":"if","locations":[{"start":{"line":111,"column":6},"end":{"line":121,"column":7}},{"start":{},"end":{}}],"line":111},"8":{"loc":{"start":{"line":113,"column":8},"end":{"line":120,"column":9}},"type":"if","locations":[{"start":{"line":113,"column":8},"end":{"line":120,"column":9}},{"start":{"line":115,"column":15},"end":{"line":120,"column":9}}],"line":113},"9":{"loc":{"start":{"line":118,"column":24},"end":{"line":118,"column":70}},"type":"cond-expr","locations":[{"start":{"line":118,"column":47},"end":{"line":118,"column":62}},{"start":{"line":118,"column":65},"end":{"line":118,"column":70}}],"line":118}},"s":{"0":22,"1":8,"2":9,"3":22,"4":11,"5":7,"6":6,"7":6,"8":22,"9":22,"10":22,"11":17,"12":86,"13":22,"14":12,"15":12,"16":12,"17":1,"18":11,"19":30,"20":30,"21":30,"22":6,"23":5,"24":12,"25":5,"26":5,"27":5,"28":14,"29":14,"30":14,"31":26,"32":26,"33":17,"34":17,"35":5,"36":12,"37":9,"38":17},"f":{"0":8,"1":9,"2":11,"3":7,"4":6,"5":6,"6":22,"7":17,"8":86,"9":12,"10":30,"11":12,"12":14,"13":26,"14":17},"b":{"0":[2,6],"1":[3,6],"2":[4,7],"3":[1,6],"4":[1,5],"5":[1,11],"6":[6,24],"7":[17,9],"8":[5,12],"9":[6,6]},"_coverageSchema":"1a1c01bbd47fc00a2c39e90264f33305004495a9","hash":"07f896c3804148080e7c5cd2ce7f657bc38cd6f0"}
,"/Users/machi-os/Documents/dev/interviews/rotunda/url-parser-exercise/src/utils.ts": {"path":"/Users/machi-os/Documents/dev/interviews/rotunda/url-parser-exercise/src/utils.ts","statementMap":{"0":{"start":{"line":7,"column":14},"end":{"line":7,"column":27}},"1":{"start":{"line":8,"column":2},"end":{"line":8,"column":55}},"2":{"start":{"line":17,"column":2},"end":{"line":17,"column":44}}},"fnMap":{"0":{"name":"isPositiveInteger","decl":{"start":{"line":6,"column":9},"end":{"line":6,"column":26}},"loc":{"start":{"line":6,"column":42},"end":{"line":9,"column":1}},"line":6},"1":{"name":"isPositiveFloat","decl":{"start":{"line":16,"column":9},"end":{"line":16,"column":24}},"loc":{"start":{"line":16,"column":37},"end":{"line":18,"column":1}},"line":16}},"branchMap":{"0":{"loc":{"start":{"line":8,"column":9},"end":{"line":8,"column":54}},"type":"binary-expr","locations":[{"start":{"line":8,"column":9},"end":{"line":8,"column":30}},{"start":{"line":8,"column":34},"end":{"line":8,"column":54}}],"line":8},"1":{"loc":{"start":{"line":17,"column":9},"end":{"line":17,"column":43}},"type":"binary-expr","locations":[{"start":{"line":17,"column":9},"end":{"line":17,"column":22}},{"start":{"line":17,"column":26},"end":{"line":17,"column":43}}],"line":17}},"s":{"0":15,"1":15,"2":11},"f":{"0":15,"1":11},"b":{"0":[15,13],"1":[11,10]},"_coverageSchema":"1a1c01bbd47fc00a2c39e90264f33305004495a9","hash":"e8b42657b3178a93ce652d94b836cef5b54b809a"}
}
