{"/Users/machi-os/Documents/dev/interviews/rotunda/url-parser-exercise/src/UrlParser.ts": {"path":"/Users/machi-os/Documents/dev/interviews/rotunda/url-parser-exercise/src/UrlParser.ts","statementMap":{"0":{"start":{"line":28,"column":52},"end":{"line":37,"column":3}},"1":{"start":{"line":30,"column":6},"end":{"line":32,"column":15}},"2":{"start":{"line":34,"column":6},"end":{"line":36,"column":15}},"3":{"start":{"line":38,"column":50},"end":{"line":52,"column":3}},"4":{"start":{"line":40,"column":6},"end":{"line":42,"column":15}},"5":{"start":{"line":44,"column":6},"end":{"line":46,"column":15}},"6":{"start":{"line":47,"column":35},"end":{"line":47,"column":40}},"7":{"start":{"line":49,"column":6},"end":{"line":51,"column":15}},"8":{"start":{"line":55,"column":4},"end":{"line":55,"column":48}},"9":{"start":{"line":56,"column":4},"end":{"line":56,"column":55}},"10":{"start":{"line":63,"column":24},"end":{"line":67,"column":3}},"11":{"start":{"line":66,"column":4},"end":{"line":66,"column":63}},"12":{"start":{"line":66,"column":57},"end":{"line":66,"column":61}},"13":{"start":{"line":75,"column":21},"end":{"line":89,"column":3}},"14":{"start":{"line":76,"column":21},"end":{"line":76,"column":39}},"15":{"start":{"line":77,"column":22},"end":{"line":77,"column":55}},"16":{"start":{"line":78,"column":4},"end":{"line":80,"column":5}},"17":{"start":{"line":79,"column":6},"end":{"line":79,"column":71}},"18":{"start":{"line":81,"column":4},"end":{"line":87,"column":13}},"19":{"start":{"line":82,"column":22},"end":{"line":82,"column":38}},"20":{"start":{"line":83,"column":25},"end":{"line":83,"column":62}},"21":{"start":{"line":84,"column":6},"end":{"line":86,"column":7}},"22":{"start":{"line":85,"column":8},"end":{"line":85,"column":36}},"23":{"start":{"line":88,"column":4},"end":{"line":88,"column":16}},"24":{"start":{"line":96,"column":4},"end":{"line":96,"column":28}},"25":{"start":{"line":97,"column":46},"end":{"line":97,"column":64}},"26":{"start":{"line":98,"column":25},"end":{"line":98,"column":47}},"27":{"start":{"line":99,"column":4},"end":{"line":104,"column":6}},"28":{"start":{"line":114,"column":29},"end":{"line":114,"column":31}},"29":{"start":{"line":115,"column":23},"end":{"line":115,"column":58}},"30":{"start":{"line":116,"column":4},"end":{"line":129,"column":7}},"31":{"start":{"line":117,"column":20},"end":{"line":117,"column":45}},"32":{"start":{"line":118,"column":6},"end":{"line":128,"column":7}},"33":{"start":{"line":119,"column":27},"end":{"line":119,"column":69}},"34":{"start":{"line":120,"column":8},"end":{"line":127,"column":9}},"35":{"start":{"line":121,"column":10},"end":{"line":121,"column":38}},"36":{"start":{"line":123,"column":10},"end":{"line":126,"column":12}},"37":{"start":{"line":130,"column":4},"end":{"line":130,"column":30}},"38":{"start":{"line":145,"column":4},"end":{"line":145,"column":50}}},"fnMap":{"0":{"name":"(anonymous_0)","decl":{"start":{"line":29,"column":10},"end":{"line":29,"column":11}},"loc":{"start":{"line":30,"column":6},"end":{"line":32,"column":15}},"line":30},"1":{"name":"(anonymous_1)","decl":{"start":{"line":33,"column":11},"end":{"line":33,"column":12}},"loc":{"start":{"line":34,"column":6},"end":{"line":36,"column":15}},"line":34},"2":{"name":"(anonymous_2)","decl":{"start":{"line":39,"column":13},"end":{"line":39,"column":14}},"loc":{"start":{"line":40,"column":6},"end":{"line":42,"column":15}},"line":40},"3":{"name":"(anonymous_3)","decl":{"start":{"line":43,"column":9},"end":{"line":43,"column":10}},"loc":{"start":{"line":44,"column":6},"end":{"line":46,"column":15}},"line":44},"4":{"name":"(anonymous_4)","decl":{"start":{"line":47,"column":16},"end":{"line":47,"column":17}},"loc":{"start":{"line":47,"column":35},"end":{"line":47,"column":40}},"line":47},"5":{"name":"(anonymous_5)","decl":{"start":{"line":48,"column":8},"end":{"line":48,"column":9}},"loc":{"start":{"line":49,"column":6},"end":{"line":51,"column":15}},"line":49},"6":{"name":"(anonymous_6)","decl":{"start":{"line":54,"column":2},"end":{"line":54,"column":3}},"loc":{"start":{"line":54,"column":28},"end":{"line":57,"column":3}},"line":54},"7":{"name":"(anonymous_7)","decl":{"start":{"line":63,"column":24},"end":{"line":63,"column":25}},"loc":{"start":{"line":63,"column":40},"end":{"line":67,"column":3}},"line":63},"8":{"name":"(anonymous_8)","decl":{"start":{"line":66,"column":47},"end":{"line":66,"column":48}},"loc":{"start":{"line":66,"column":57},"end":{"line":66,"column":61}},"line":66},"9":{"name":"(anonymous_9)","decl":{"start":{"line":75,"column":21},"end":{"line":75,"column":22}},"loc":{"start":{"line":75,"column":36},"end":{"line":89,"column":3}},"line":75},"10":{"name":"(anonymous_10)","decl":{"start":{"line":81,"column":21},"end":{"line":81,"column":22}},"loc":{"start":{"line":81,"column":38},"end":{"line":87,"column":5}},"line":81},"11":{"name":"(anonymous_11)","decl":{"start":{"line":95,"column":2},"end":{"line":95,"column":3}},"loc":{"start":{"line":95,"column":35},"end":{"line":105,"column":3}},"line":95},"12":{"name":"(anonymous_12)","decl":{"start":{"line":113,"column":2},"end":{"line":113,"column":3}},"loc":{"start":{"line":113,"column":40},"end":{"line":131,"column":3}},"line":113},"13":{"name":"(anonymous_13)","decl":{"start":{"line":116,"column":23},"end":{"line":116,"column":24}},"loc":{"start":{"line":116,"column":37},"end":{"line":129,"column":5}},"line":116},"14":{"name":"(anonymous_14)","decl":{"start":{"line":141,"column":2},"end":{"line":141,"column":3}},"loc":{"start":{"line":144,"column":20},"end":{"line":146,"column":3}},"line":144}},"branchMap":{"0":{"loc":{"start":{"line":30,"column":6},"end":{"line":32,"column":15}},"type":"cond-expr","locations":[{"start":{"line":31,"column":10},"end":{"line":31,"column":70}},{"start":{"line":32,"column":10},"end":{"line":32,"column":15}}],"line":30},"1":{"loc":{"start":{"line":34,"column":6},"end":{"line":36,"column":15}},"type":"cond-expr","locations":[{"start":{"line":35,"column":10},"end":{"line":35,"column":71}},{"start":{"line":36,"column":10},"end":{"line":36,"column":15}}],"line":34},"2":{"loc":{"start":{"line":40,"column":6},"end":{"line":42,"column":15}},"type":"cond-expr","locations":[{"start":{"line":41,"column":10},"end":{"line":41,"column":70}},{"start":{"line":42,"column":10},"end":{"line":42,"column":15}}],"line":40},"3":{"loc":{"start":{"line":44,"column":6},"end":{"line":46,"column":15}},"type":"cond-expr","locations":[{"start":{"line":45,"column":10},"end":{"line":45,"column":66}},{"start":{"line":46,"column":10},"end":{"line":46,"column":15}}],"line":44},"4":{"loc":{"start":{"line":49,"column":6},"end":{"line":51,"column":15}},"type":"cond-expr","locations":[{"start":{"line":50,"column":10},"end":{"line":50,"column":65}},{"start":{"line":51,"column":10},"end":{"line":51,"column":15}}],"line":49},"5":{"loc":{"start":{"line":78,"column":4},"end":{"line":80,"column":5}},"type":"if","locations":[{"start":{"line":78,"column":4},"end":{"line":80,"column":5}},{"start":{},"end":{}}],"line":78},"6":{"loc":{"start":{"line":84,"column":6},"end":{"line":86,"column":7}},"type":"if","locations":[{"start":{"line":84,"column":6},"end":{"line":86,"column":7}},{"start":{},"end":{}}],"line":84},"7":{"loc":{"start":{"line":118,"column":6},"end":{"line":128,"column":7}},"type":"if","locations":[{"start":{"line":118,"column":6},"end":{"line":128,"column":7}},{"start":{},"end":{}}],"line":118},"8":{"loc":{"start":{"line":120,"column":8},"end":{"line":127,"column":9}},"type":"if","locations":[{"start":{"line":120,"column":8},"end":{"line":127,"column":9}},{"start":{"line":122,"column":15},"end":{"line":127,"column":9}}],"line":120},"9":{"loc":{"start":{"line":125,"column":24},"end":{"line":125,"column":70}},"type":"cond-expr","locations":[{"start":{"line":125,"column":47},"end":{"line":125,"column":62}},{"start":{"line":125,"column":65},"end":{"line":125,"column":70}}],"line":125}},"s":{"0":22,"1":8,"2":9,"3":22,"4":11,"5":7,"6":6,"7":6,"8":22,"9":22,"10":22,"11":17,"12":86,"13":22,"14":12,"15":12,"16":12,"17":1,"18":11,"19":30,"20":30,"21":30,"22":6,"23":5,"24":12,"25":5,"26":5,"27":5,"28":14,"29":14,"30":14,"31":26,"32":26,"33":17,"34":17,"35":5,"36":12,"37":9,"38":17},"f":{"0":8,"1":9,"2":11,"3":7,"4":6,"5":6,"6":22,"7":17,"8":86,"9":12,"10":30,"11":12,"12":14,"13":26,"14":17},"b":{"0":[2,6],"1":[3,6],"2":[4,7],"3":[1,6],"4":[1,5],"5":[1,11],"6":[6,24],"7":[17,9],"8":[5,12],"9":[6,6]},"_coverageSchema":"1a1c01bbd47fc00a2c39e90264f33305004495a9","hash":"df9d4de8b2bd923351be06183f7c37cbae9b8df7"}
,"/Users/machi-os/Documents/dev/interviews/rotunda/url-parser-exercise/src/utils.ts": {"path":"/Users/machi-os/Documents/dev/interviews/rotunda/url-parser-exercise/src/utils.ts","statementMap":{"0":{"start":{"line":7,"column":14},"end":{"line":7,"column":27}},"1":{"start":{"line":8,"column":2},"end":{"line":8,"column":55}},"2":{"start":{"line":17,"column":2},"end":{"line":17,"column":44}}},"fnMap":{"0":{"name":"isPositiveInteger","decl":{"start":{"line":6,"column":9},"end":{"line":6,"column":26}},"loc":{"start":{"line":6,"column":42},"end":{"line":9,"column":1}},"line":6},"1":{"name":"isPositiveFloat","decl":{"start":{"line":16,"column":9},"end":{"line":16,"column":24}},"loc":{"start":{"line":16,"column":37},"end":{"line":18,"column":1}},"line":16}},"branchMap":{"0":{"loc":{"start":{"line":8,"column":9},"end":{"line":8,"column":54}},"type":"binary-expr","locations":[{"start":{"line":8,"column":9},"end":{"line":8,"column":30}},{"start":{"line":8,"column":34},"end":{"line":8,"column":54}}],"line":8},"1":{"loc":{"start":{"line":17,"column":9},"end":{"line":17,"column":43}},"type":"binary-expr","locations":[{"start":{"line":17,"column":9},"end":{"line":17,"column":22}},{"start":{"line":17,"column":26},"end":{"line":17,"column":43}}],"line":17}},"s":{"0":15,"1":15,"2":11},"f":{"0":15,"1":11},"b":{"0":[15,13],"1":[11,10]},"_coverageSchema":"1a1c01bbd47fc00a2c39e90264f33305004495a9","hash":"e8b42657b3178a93ce652d94b836cef5b54b809a"}
}
