TN:
SF:src/utils.ts
FN:6,isPositiveInteger
FN:16,isPositiveFloat
FNF:2
FNH:2
FNDA:55,isPositiveInteger
FNDA:52,isPositiveFloat
DA:7,55
DA:8,55
DA:17,52
LF:3
LH:3
BRDA:8,0,0,55
BRDA:8,0,1,51
BRDA:17,1,0,52
BRDA:17,1,1,50
BRF:4
BRH:4
end_of_record
TN:
SF:src/factories/ApiURLFactory.ts
FN:7,(anonymous_0)
FNF:1
FNH:1
FNDA:17,(anonymous_0)
DA:9,17
DA:10,1
DA:13,16
DA:15,13
DA:17,2
DA:19,1
LF:6
LH:6
BRDA:9,0,0,1
BRDA:9,0,1,16
BRDA:13,1,0,13
BRDA:13,1,1,2
BRDA:13,1,2,1
BRF:5
BRH:5
end_of_record
TN:
SF:src/models/UrlParser.ts
FN:13,(anonymous_0)
FN:27,(anonymous_1)
FN:37,(anonymous_2)
FN:41,(anonymous_3)
FN:50,(anonymous_4)
FN:56,(anonymous_5)
FN:70,(anonymous_6)
FN:85,(anonymous_7)
FN:89,(anonymous_8)
FN:104,(anonymous_9)
FN:108,(anonymous_10)
FN:133,(anonymous_11)
FNF:12
FNH:12
FNDA:36,(anonymous_0)
FNDA:33,(anonymous_1)
FNDA:54,(anonymous_2)
FNDA:266,(anonymous_3)
FNDA:33,(anonymous_4)
FNDA:100,(anonymous_5)
FNDA:34,(anonymous_6)
FNDA:20,(anonymous_7)
FNDA:80,(anonymous_8)
FNDA:21,(anonymous_9)
FNDA:36,(anonymous_10)
FNDA:24,(anonymous_11)
DA:10,36
DA:11,36
DA:17,36
DA:18,36
DA:19,36
DA:20,36
DA:28,33
DA:29,33
DA:30,33
DA:37,36
DA:40,54
DA:41,266
DA:50,36
DA:51,33
DA:52,33
DA:53,33
DA:54,1
DA:56,32
DA:57,100
DA:58,100
DA:59,100
DA:60,12
DA:63,20
DA:71,34
DA:72,33
DA:73,20
DA:74,20
DA:75,10
DA:86,20
DA:87,20
DA:88,20
DA:89,20
DA:90,80
DA:91,80
DA:92,60
DA:95,20
DA:105,21
DA:106,20
DA:107,20
DA:108,20
DA:109,36
DA:110,36
DA:111,24
DA:112,24
DA:113,10
DA:115,14
DA:122,10
DA:137,24
LF:48
LH:48
BRDA:40,0,0,1
BRDA:40,0,1,53
BRDA:53,1,0,1
BRDA:53,1,1,32
BRDA:59,2,0,12
BRDA:59,2,1,88
BRDA:71,3,0,1
BRDA:71,3,1,33
BRDA:91,4,0,60
BRDA:91,4,1,20
BRDA:91,5,0,80
BRDA:91,5,1,80
BRDA:105,6,0,1
BRDA:105,6,1,20
BRDA:110,7,0,24
BRDA:110,7,1,12
BRDA:112,8,0,10
BRDA:112,8,1,14
BRF:18
BRH:18
end_of_record
TN:
SF:src/models/ApiURL/ApiURL.ts
FN:14,(anonymous_0)
FN:22,(anonymous_1)
FNF:2
FNH:2
FNDA:15,(anonymous_0)
FNDA:1,(anonymous_1)
DA:15,15
DA:23,1
LF:2
LH:2
BRF:0
BRH:0
end_of_record
TN:
SF:src/models/ApiURL/v1/ApiURLv1.ts
FN:9,(anonymous_0)
FN:18,(anonymous_1)
FN:29,(anonymous_2)
FN:38,(anonymous_3)
FN:47,(anonymous_4)
FN:50,(anonymous_5)
FN:65,(anonymous_6)
FNF:7
FNH:7
FNDA:3,(anonymous_0)
FNDA:4,(anonymous_1)
FNDA:18,(anonymous_2)
FNDA:14,(anonymous_3)
FNDA:13,(anonymous_4)
FNDA:13,(anonymous_5)
FNDA:12,(anonymous_6)
DA:7,13
DA:8,13
DA:10,3
DA:11,2
DA:16,1
DA:19,4
DA:20,3
DA:25,1
DA:28,13
DA:30,18
DA:31,4
DA:36,14
DA:39,14
DA:40,1
DA:45,13
DA:48,13
DA:51,13
DA:52,1
DA:57,12
DA:66,12
DA:70,12
LF:21
LH:21
BRDA:10,0,0,2
BRDA:10,0,1,1
BRDA:19,1,0,3
BRDA:19,1,1,1
BRDA:30,2,0,4
BRDA:30,2,1,14
BRDA:39,3,0,1
BRDA:39,3,1,13
BRDA:51,4,0,1
BRDA:51,4,1,12
BRF:10
BRH:10
end_of_record
TN:
SF:src/models/ApiURL/v2/ApiURLv2.ts
FNF:0
FNH:0
DA:5,2
DA:6,2
DA:7,2
LF:3
LH:3
BRF:0
BRH:0
end_of_record
