TN:
SF:src/UrlParser.ts
FN:22,(anonymous_0)
FN:26,(anonymous_1)
FN:32,(anonymous_2)
FN:36,(anonymous_3)
FN:40,(anonymous_4)
FN:41,(anonymous_5)
FN:47,(anonymous_6)
FN:56,(anonymous_7)
FN:59,(anonymous_8)
FN:68,(anonymous_9)
FN:74,(anonymous_10)
FN:88,(anonymous_11)
FN:106,(anonymous_12)
FN:109,(anonymous_13)
FN:134,(anonymous_14)
FNF:15
FNH:15
FNDA:8,(anonymous_0)
FNDA:9,(anonymous_1)
FNDA:11,(anonymous_2)
FNDA:7,(anonymous_3)
FNDA:6,(anonymous_4)
FNDA:6,(anonymous_5)
FNDA:22,(anonymous_6)
FNDA:17,(anonymous_7)
FNDA:86,(anonymous_8)
FNDA:12,(anonymous_9)
FNDA:30,(anonymous_10)
FNDA:12,(anonymous_11)
FNDA:14,(anonymous_12)
FNDA:26,(anonymous_13)
FNDA:17,(anonymous_14)
DA:21,22
DA:23,8
DA:27,9
DA:31,22
DA:33,11
DA:37,7
DA:40,6
DA:42,6
DA:48,22
DA:49,22
DA:56,22
DA:59,86
DA:68,22
DA:69,12
DA:70,12
DA:71,12
DA:72,1
DA:74,11
DA:75,30
DA:76,30
DA:77,30
DA:78,6
DA:81,5
DA:89,12
DA:90,5
DA:91,5
DA:92,5
DA:107,14
DA:108,14
DA:109,14
DA:110,26
DA:111,26
DA:112,17
DA:113,17
DA:114,5
DA:116,12
DA:123,9
DA:138,17
LF:38
LH:38
BRDA:23,0,0,2
BRDA:23,0,1,6
BRDA:27,1,0,3
BRDA:27,1,1,6
BRDA:33,2,0,4
BRDA:33,2,1,7
BRDA:37,3,0,1
BRDA:37,3,1,6
BRDA:42,4,0,1
BRDA:42,4,1,5
BRDA:71,5,0,1
BRDA:71,5,1,11
BRDA:77,6,0,6
BRDA:77,6,1,24
BRDA:111,7,0,17
BRDA:111,7,1,9
BRDA:113,8,0,5
BRDA:113,8,1,12
BRDA:118,9,0,6
BRDA:118,9,1,6
BRF:20
BRH:20
end_of_record
TN:
SF:src/utils.ts
FN:6,isPositiveInteger
FN:16,isPositiveFloat
FNF:2
FNH:2
FNDA:15,isPositiveInteger
FNDA:11,isPositiveFloat
DA:7,15
DA:8,15
DA:17,11
LF:3
LH:3
BRDA:8,0,0,15
BRDA:8,0,1,13
BRDA:17,1,0,11
BRDA:17,1,1,10
BRF:4
BRH:4
end_of_record
